<?xml version="1.0" encoding="UTF-8"?>
<testng-results ignored="0" total="2" passed="2" failed="0" skipped="0">
  <reporter-output>
  </reporter-output>
  <suite started-at="2020-05-16T12:04:48 IST" name="Default suite" finished-at="2020-05-16T12:04:48 IST" duration-ms="142">
    <groups>
    </groups>
    <test started-at="2020-05-16T12:04:48 IST" name="Default test" finished-at="2020-05-16T12:04:48 IST" duration-ms="142">
      <class name="demo.EmailValidatorTest">
        <test-method is-config="true" signature="init()[pri:0, instance:demo.EmailValidatorTest@45018215]" started-at="2020-05-16T12:04:48 IST" name="init" finished-at="2020-05-16T12:04:48 IST" duration-ms="15" status="PASS">
          <reporter-output>
          </reporter-output>
        </test-method> <!-- init -->
        <test-method signature="validUsername([Ljava.lang.String;)[pri:0, instance:demo.EmailValidatorTest@45018215]" started-at="2020-05-16T12:04:48 IST" name="validUsername" data-provider="validUsernameProvider" finished-at="2020-05-16T12:04:48 IST" duration-ms="15" status="PASS">
          <params>
            <param index="0">
              <value>
                <![CDATA[[Ljava.lang.String;@77fbd92c]]>
              </value>
            </param>
          </params>
          <reporter-output>
          </reporter-output>
        </test-method> <!-- validUsername -->
        <test-method signature="invalidUsername([Ljava.lang.String;)[pri:0, instance:demo.EmailValidatorTest@45018215]" started-at="2020-05-16T12:04:48 IST" name="invalidUsername" data-provider="invalidUsernameProvider" finished-at="2020-05-16T12:04:48 IST" depends-on-methods="demo.EmailValidatorTest.validUsername" duration-ms="7" status="PASS">
          <params>
            <param index="0">
              <value>
                <![CDATA[[Ljava.lang.String;@59662a0b]]>
              </value>
            </param>
          </params>
          <reporter-output>
          </reporter-output>
        </test-method> <!-- invalidUsername -->
      </class> <!-- demo.EmailValidatorTest -->
    </test> <!-- Default test -->
  </suite> <!-- Default suite -->
</testng-results>
